<?xml version="1.0" encoding="UTF-8"?>
<!-- Generated by org.testng.reporters.JUnitXMLReporter -->
<testsuite ignored="0" hostname="DESKTOP-R8LNRUV" failures="0" tests="4" name="Default test" time="2.647" errors="0" timestamp="2022-11-14T22:00:54 MYT">
  <testcase classname="CICDDemoAPI.CICDDemoAPI.TestCase1" name="test1" time="0.011"/>
  <testcase classname="CICDDemoAPI.CICDDemoAPI.TestCase1" name="test2" time="0.027"/>
  <testcase classname="CICDDemoAPI.CICDDemoAPI.TestCase1" name="test3" time="0.001"/>
  <testcase classname="CICDDemoAPI.CICDDemoAPI.TestCase1" name="test4" time="0.069"/>
</testsuite> <!-- Default test -->
