<?xml version="1.0" encoding="UTF-8"?>
<!-- Generated by org.testng.reporters.JUnitXMLReporter -->
<testsuite ignored="0" hostname="DESKTOP-R8LNRUV" failures="0" tests="4" name="Test" time="2.699" errors="0" timestamp="2022-11-14T22:10:45 MYT">
  <testcase classname="CICDDemoAPI.CICDDemoAPI.TestCase1" name="test1" time="0.002"/>
  <testcase classname="CICDDemoAPI.CICDDemoAPI.TestCase1" name="test2" time="0.021"/>
  <testcase classname="CICDDemoAPI.CICDDemoAPI.TestCase1" name="test3" time="0.001"/>
  <testcase classname="CICDDemoAPI.CICDDemoAPI.TestCase1" name="test4" time="0.057"/>
</testsuite> <!-- Test -->
