<?xml version="1.0" encoding="UTF-8"?>
<testsuite xmlns:xsi="http://www.w3.org/2001/XMLSchema-instance" xsi:noNamespaceSchemaLocation="https://maven.apache.org/surefire/maven-surefire-plugin/xsd/surefire-test-report.xsd" name="TestSuite" time="3.127" tests="4" errors="0" skipped="0" failures="0">
  <properties>
[...]
</properties>
  <testcase name="test1" classname="CICDDemoAPI.CICDDemoAPI.TestCase1" time="0.005"/>
  <testcase name="test2" classname="CICDDemoAPI.CICDDemoAPI.TestCase1" time="0.021"/>
  <testcase name="test3" classname="CICDDemoAPI.CICDDemoAPI.TestCase1" time="0.001"/>
  <testcase name="test4" classname="CICDDemoAPI.CICDDemoAPI.TestCase1" time="0.057"/>
</testsuite>