<?xml version="1.0" encoding="UTF-8"?>
<testng-results ignored="0" total="4" passed="4" failed="0" skipped="0">
  <reporter-output>
  </reporter-output>
  <suite started-at="2022-11-14T22:10:42 MYT" name="Suite" finished-at="2022-11-14T22:10:45 MYT" duration-ms="2699">
    <groups>
    </groups>
    <test started-at="2022-11-14T22:10:42 MYT" name="Test" finished-at="2022-11-14T22:10:45 MYT" duration-ms="2699">
      <class name="CICDDemoAPI.CICDDemoAPI.TestCase1">
        <test-method is-config="true" signature="setup()[pri:0, instance:CICDDemoAPI.CICDDemoAPI.TestCase1@2d2ffcb7]" started-at="2022-11-14T22:10:42 MYT" name="setup" finished-at="2022-11-14T22:10:44 MYT" duration-ms="2072" status="PASS">
          <reporter-output>
          </reporter-output>
        </test-method> <!-- setup -->
        <test-method signature="test1()[pri:0, instance:CICDDemoAPI.CICDDemoAPI.TestCase1@2d2ffcb7]" started-at="2022-11-14T22:10:44 MYT" name="test1" finished-at="2022-11-14T22:10:44 MYT" duration-ms="2" status="PASS">
          <reporter-output>
          </reporter-output>
        </test-method> <!-- test1 -->
        <test-method is-config="true" signature="setup()[pri:0, instance:CICDDemoAPI.CICDDemoAPI.TestCase1@2d2ffcb7]" started-at="2022-11-14T22:10:44 MYT" name="setup" finished-at="2022-11-14T22:10:44 MYT" duration-ms="154" status="PASS">
          <reporter-output>
          </reporter-output>
        </test-method> <!-- setup -->
        <test-method signature="test2()[pri:0, instance:CICDDemoAPI.CICDDemoAPI.TestCase1@2d2ffcb7]" started-at="2022-11-14T22:10:44 MYT" name="test2" finished-at="2022-11-14T22:10:44 MYT" duration-ms="21" status="PASS">
          <reporter-output>
          </reporter-output>
        </test-method> <!-- test2 -->
        <test-method is-config="true" signature="setup()[pri:0, instance:CICDDemoAPI.CICDDemoAPI.TestCase1@2d2ffcb7]" started-at="2022-11-14T22:10:44 MYT" name="setup" finished-at="2022-11-14T22:10:45 MYT" duration-ms="169" status="PASS">
          <reporter-output>
          </reporter-output>
        </test-method> <!-- setup -->
        <test-method signature="test3()[pri:0, instance:CICDDemoAPI.CICDDemoAPI.TestCase1@2d2ffcb7]" started-at="2022-11-14T22:10:45 MYT" name="test3" finished-at="2022-11-14T22:10:45 MYT" duration-ms="1" status="PASS">
          <reporter-output>
          </reporter-output>
        </test-method> <!-- test3 -->
        <test-method is-config="true" signature="setup()[pri:0, instance:CICDDemoAPI.CICDDemoAPI.TestCase1@2d2ffcb7]" started-at="2022-11-14T22:10:45 MYT" name="setup" finished-at="2022-11-14T22:10:45 MYT" duration-ms="178" status="PASS">
          <reporter-output>
          </reporter-output>
        </test-method> <!-- setup -->
        <test-method signature="test4()[pri:0, instance:CICDDemoAPI.CICDDemoAPI.TestCase1@2d2ffcb7]" started-at="2022-11-14T22:10:45 MYT" name="test4" finished-at="2022-11-14T22:10:45 MYT" duration-ms="57" status="PASS">
          <reporter-output>
          </reporter-output>
        </test-method> <!-- test4 -->
      </class> <!-- CICDDemoAPI.CICDDemoAPI.TestCase1 -->
    </test> <!-- Test -->
  </suite> <!-- Suite -->
</testng-results>
