<?xml version="1.0" encoding="UTF-8"?>
<testng-results ignored="0" total="4" passed="4" failed="0" skipped="0">
  <reporter-output>
  </reporter-output>
  <suite started-at="2022-11-14T22:00:51 MYT" name="Default suite" finished-at="2022-11-14T22:00:54 MYT" duration-ms="2647">
    <groups>
    </groups>
    <test started-at="2022-11-14T22:00:51 MYT" name="Default test" finished-at="2022-11-14T22:00:54 MYT" duration-ms="2647">
      <class name="CICDDemoAPI.CICDDemoAPI.TestCase1">
        <test-method is-config="true" signature="setup()[pri:0, instance:CICDDemoAPI.CICDDemoAPI.TestCase1@29647f75]" started-at="2022-11-14T22:00:51 MYT" name="setup" finished-at="2022-11-14T22:00:53 MYT" duration-ms="1967" status="PASS">
          <reporter-output>
          </reporter-output>
        </test-method> <!-- setup -->
        <test-method signature="test1()[pri:0, instance:CICDDemoAPI.CICDDemoAPI.TestCase1@29647f75]" started-at="2022-11-14T22:00:53 MYT" name="test1" finished-at="2022-11-14T22:00:53 MYT" duration-ms="11" status="PASS">
          <reporter-output>
          </reporter-output>
        </test-method> <!-- test1 -->
        <test-method is-config="true" signature="setup()[pri:0, instance:CICDDemoAPI.CICDDemoAPI.TestCase1@29647f75]" started-at="2022-11-14T22:00:53 MYT" name="setup" finished-at="2022-11-14T22:00:53 MYT" duration-ms="177" status="PASS">
          <reporter-output>
          </reporter-output>
        </test-method> <!-- setup -->
        <test-method signature="test2()[pri:0, instance:CICDDemoAPI.CICDDemoAPI.TestCase1@29647f75]" started-at="2022-11-14T22:00:53 MYT" name="test2" finished-at="2022-11-14T22:00:53 MYT" duration-ms="27" status="PASS">
          <reporter-output>
          </reporter-output>
        </test-method> <!-- test2 -->
        <test-method is-config="true" signature="setup()[pri:0, instance:CICDDemoAPI.CICDDemoAPI.TestCase1@29647f75]" started-at="2022-11-14T22:00:53 MYT" name="setup" finished-at="2022-11-14T22:00:53 MYT" duration-ms="180" status="PASS">
          <reporter-output>
          </reporter-output>
        </test-method> <!-- setup -->
        <test-method signature="test3()[pri:0, instance:CICDDemoAPI.CICDDemoAPI.TestCase1@29647f75]" started-at="2022-11-14T22:00:53 MYT" name="test3" finished-at="2022-11-14T22:00:53 MYT" duration-ms="1" status="PASS">
          <reporter-output>
          </reporter-output>
        </test-method> <!-- test3 -->
        <test-method is-config="true" signature="setup()[pri:0, instance:CICDDemoAPI.CICDDemoAPI.TestCase1@29647f75]" started-at="2022-11-14T22:00:53 MYT" name="setup" finished-at="2022-11-14T22:00:53 MYT" duration-ms="171" status="PASS">
          <reporter-output>
          </reporter-output>
        </test-method> <!-- setup -->
        <test-method signature="test4()[pri:0, instance:CICDDemoAPI.CICDDemoAPI.TestCase1@29647f75]" started-at="2022-11-14T22:00:53 MYT" name="test4" finished-at="2022-11-14T22:00:54 MYT" duration-ms="69" status="PASS">
          <reporter-output>
          </reporter-output>
        </test-method> <!-- test4 -->
      </class> <!-- CICDDemoAPI.CICDDemoAPI.TestCase1 -->
    </test> <!-- Default test -->
  </suite> <!-- Default suite -->
</testng-results>
